This is pdfTeX, Version 3.14159265-2.6-1.40.21 (MiKTeX 20.7) (preloaded format=pdflatex 2020.10.3)  22 DEC 2020 21:05
entering extended mode
**./final-report.tex
(final-report.tex
LaTeX2e <2020-02-02> patch level 5
L3 programming layer <2020-09-03>
(C:\Users\james\AppData\Local\Programs\MiKTeX\tex/latex/ieeetran\IEEEtran.cls
Document Class: IEEEtran 2015/08/26 V1.8b by Michael Shell
-- See the "IEEEtran_HOWTO" manual for usage information.
-- http://www.michaelshell.org/tex/ieeetran/
\@IEEEtrantmpdimenA=\dimen134
\@IEEEtrantmpdimenB=\dimen135
\@IEEEtrantmpdimenC=\dimen136
\@IEEEtrantmpcountA=\count168
\@IEEEtrantmpcountB=\count169
\@IEEEtrantmpcountC=\count170
\@IEEEtrantmptoksA=\toks15
LaTeX Font Info:    Trying to load font information for OT1+ptm on input line 5
03.
(C:\Users\james\AppData\Local\Programs\MiKTeX\tex/latex/psnfss\ot1ptm.fd
File: ot1ptm.fd 2001/06/04 font definitions for OT1/ptm.
)
-- Using IEEE Computer Society mode.
** ATTENTION: Single column mode is not typically used with IEEE publications.
-- Using 8.5in x 11in (letter) paper.
-- Using PDF output.
\@IEEEnormalsizeunitybaselineskip=\dimen137
-- This is a 10 point document.
\CLASSINFOnormalsizebaselineskip=\dimen138
\CLASSINFOnormalsizeunitybaselineskip=\dimen139
\IEEEnormaljot=\dimen140
LaTeX Font Info:    Font shape `OT1/ptm/bx/n' in size <5.01874> not available
(Font)              Font shape `OT1/ptm/b/n' tried instead on input line 1090.
LaTeX Font Info:    Font shape `OT1/ptm/bx/it' in size <5.01874> not available
(Font)              Font shape `OT1/ptm/b/it' tried instead on input line 1090.

LaTeX Font Info:    Font shape `OT1/ptm/bx/n' in size <7.02625> not available
(Font)              Font shape `OT1/ptm/b/n' tried instead on input line 1090.
LaTeX Font Info:    Font shape `OT1/ptm/bx/it' in size <7.02625> not available
(Font)              Font shape `OT1/ptm/b/it' tried instead on input line 1090.

LaTeX Font Info:    Font shape `OT1/ptm/bx/n' in size <8.03> not available
(Font)              Font shape `OT1/ptm/b/n' tried instead on input line 1090.
LaTeX Font Info:    Font shape `OT1/ptm/bx/it' in size <8.03> not available
(Font)              Font shape `OT1/ptm/b/it' tried instead on input line 1090.

LaTeX Font Info:    Font shape `OT1/ptm/bx/n' in size <9.03374> not available
(Font)              Font shape `OT1/ptm/b/n' tried instead on input line 1090.
LaTeX Font Info:    Font shape `OT1/ptm/bx/it' in size <9.03374> not available
(Font)              Font shape `OT1/ptm/b/it' tried instead on input line 1090.

LaTeX Font Info:    Font shape `OT1/ptm/bx/n' in size <10.03749> not available
(Font)              Font shape `OT1/ptm/b/n' tried instead on input line 1090.
LaTeX Font Info:    Font shape `OT1/ptm/bx/it' in size <10.03749> not available

(Font)              Font shape `OT1/ptm/b/it' tried instead on input line 1090.

LaTeX Font Info:    Font shape `OT1/ptm/bx/n' in size <11.04124> not available
(Font)              Font shape `OT1/ptm/b/n' tried instead on input line 1090.
LaTeX Font Info:    Font shape `OT1/ptm/bx/it' in size <11.04124> not available

(Font)              Font shape `OT1/ptm/b/it' tried instead on input line 1090.

LaTeX Font Info:    Font shape `OT1/ptm/bx/n' in size <12.045> not available
(Font)              Font shape `OT1/ptm/b/n' tried instead on input line 1090.
LaTeX Font Info:    Font shape `OT1/ptm/bx/it' in size <12.045> not available
(Font)              Font shape `OT1/ptm/b/it' tried instead on input line 1090.

LaTeX Font Info:    Font shape `OT1/ptm/bx/n' in size <17.06374> not available
(Font)              Font shape `OT1/ptm/b/n' tried instead on input line 1090.
LaTeX Font Info:    Font shape `OT1/ptm/bx/it' in size <17.06374> not available

(Font)              Font shape `OT1/ptm/b/it' tried instead on input line 1090.

LaTeX Font Info:    Font shape `OT1/ptm/bx/n' in size <20.075> not available
(Font)              Font shape `OT1/ptm/b/n' tried instead on input line 1090.
LaTeX Font Info:    Font shape `OT1/ptm/bx/it' in size <20.075> not available
(Font)              Font shape `OT1/ptm/b/it' tried instead on input line 1090.

LaTeX Font Info:    Font shape `OT1/ptm/bx/n' in size <24.09> not available
(Font)              Font shape `OT1/ptm/b/n' tried instead on input line 1090.
LaTeX Font Info:    Font shape `OT1/ptm/bx/it' in size <24.09> not available
(Font)              Font shape `OT1/ptm/b/it' tried instead on input line 1090.

\IEEEquantizedlength=\dimen141
\IEEEquantizedlengthdiff=\dimen142
\IEEEquantizedtextheightdiff=\dimen143
\IEEEilabelindentA=\dimen144
\IEEEilabelindentB=\dimen145
\IEEEilabelindent=\dimen146
\IEEEelabelindent=\dimen147
\IEEEdlabelindent=\dimen148
\IEEElabelindent=\dimen149
\IEEEiednormlabelsep=\dimen150
\IEEEiedmathlabelsep=\dimen151
\IEEEiedtopsep=\skip47
\c@section=\count171
\c@subsection=\count172
\c@subsubsection=\count173
\c@paragraph=\count174
\c@IEEEsubequation=\count175
\abovecaptionskip=\skip48
\belowcaptionskip=\skip49
\c@figure=\count176
\c@table=\count177
\@IEEEeqnnumcols=\count178
\@IEEEeqncolcnt=\count179
\@IEEEsubeqnnumrollback=\count180
\@IEEEquantizeheightA=\dimen152
\@IEEEquantizeheightB=\dimen153
\@IEEEquantizeheightC=\dimen154
\@IEEEquantizeprevdepth=\dimen155
\@IEEEquantizemultiple=\count181
\@IEEEquantizeboxA=\box45
\@IEEEtmpitemindent=\dimen156
\IEEEPARstartletwidth=\dimen157
\c@IEEEbiography=\count182
\@IEEEtranrubishbin=\box46
) (C:\Users\james\AppData\Local\Programs\MiKTeX\tex/latex/graphics\graphicx.sty
Package: graphicx 2019/11/30 v1.2a Enhanced LaTeX Graphics (DPC,SPQR)
(C:\Users\james\AppData\Local\Programs\MiKTeX\tex/latex/graphics\keyval.sty
Package: keyval 2014/10/28 v1.15 key=value parser (DPC)
\KV@toks@=\toks16
)
(C:\Users\james\AppData\Local\Programs\MiKTeX\tex/latex/graphics\graphics.sty
Package: graphics 2019/11/30 v1.4a Standard LaTeX Graphics (DPC,SPQR)

(C:\Users\james\AppData\Local\Programs\MiKTeX\tex/latex/graphics\trig.sty
Package: trig 2016/01/03 v1.10 sin cos tan (DPC)
)
(C:\Users\james\AppData\Local\Programs\MiKTeX\tex/latex/graphics-cfg\graphics.c
fg
File: graphics.cfg 2016/06/04 v1.11 sample graphics configuration
)
Package graphics Info: Driver file: pdftex.def on input line 105.

(C:\Users\james\AppData\Local\Programs\MiKTeX\tex/latex/graphics-def\pdftex.def
File: pdftex.def 2020/08/26 v1.2 Graphics/color driver for pdftex
))
\Gin@req@height=\dimen158
\Gin@req@width=\dimen159
)
(C:\Users\james\AppData\Local\Programs\MiKTeX\tex/latex/multirow\multirow.sty
Package: multirow 2019/05/31 v2.5 Span multiple rows of a table
\multirow@colwidth=\skip50
\multirow@cntb=\count183
\multirow@dima=\skip51
\bigstrutjot=\dimen160
)
(C:\Users\james\AppData\Local\Programs\MiKTeX\tex/latex/tools\array.sty
Package: array 2019/08/31 v2.4l Tabular extension package (FMi)
\col@sep=\dimen161
\ar@mcellbox=\box47
\extrarowheight=\dimen162
\NC@list=\toks17
\extratabsurround=\skip52
\backup@length=\skip53
\ar@cellbox=\box48
)
(C:\Users\james\AppData\Local\Programs\MiKTeX\tex/latex/listings\listings.sty
\lst@mode=\count184
\lst@gtempboxa=\box49
\lst@token=\toks18
\lst@length=\count185
\lst@currlwidth=\dimen163
\lst@column=\count186
\lst@pos=\count187
\lst@lostspace=\dimen164
\lst@width=\dimen165
\lst@newlines=\count188
\lst@lineno=\count189
\lst@maxwidth=\dimen166

(C:\Users\james\AppData\Local\Programs\MiKTeX\tex/latex/listings\lstmisc.sty
File: lstmisc.sty 2020/03/24 1.8d (Carsten Heinz)
\c@lstnumber=\count190
\lst@skipnumbers=\count191
\lst@framebox=\box50
)
(C:\Users\james\AppData\Local\Programs\MiKTeX\tex/latex/listings\listings.cfg
File: listings.cfg 2020/03/24 1.8d listings configuration
))
Package: listings 2020/03/24 1.8d (Carsten Heinz)
(C:\Users\james\AppData\Local\Programs\MiKTeX\tex/latex/xcolor\xcolor.sty
Package: xcolor 2016/05/11 v2.12 LaTeX color extensions (UK)

(C:\Users\james\AppData\Local\Programs\MiKTeX\tex/latex/graphics-cfg\color.cfg
File: color.cfg 2016/01/02 v1.6 sample color configuration
)
Package xcolor Info: Driver file: pdftex.def on input line 225.
Package xcolor Info: Model `cmy' substituted by `cmy0' on input line 1348.
Package xcolor Info: Model `hsb' substituted by `rgb' on input line 1352.
Package xcolor Info: Model `RGB' extended on input line 1364.
Package xcolor Info: Model `HTML' substituted by `rgb' on input line 1366.
Package xcolor Info: Model `Hsb' substituted by `hsb' on input line 1367.
Package xcolor Info: Model `tHsb' substituted by `hsb' on input line 1368.
Package xcolor Info: Model `HSB' substituted by `hsb' on input line 1369.
Package xcolor Info: Model `Gray' substituted by `gray' on input line 1370.
Package xcolor Info: Model `wave' substituted by `hsb' on input line 1371.
) (C:\Users\james\AppData\Local\Programs\MiKTeX\tex/latex/amsmath\amsmath.sty
Package: amsmath 2020/01/20 v2.17e AMS math features
\@mathmargin=\skip54

For additional information on amsmath, use the `?' option.
(C:\Users\james\AppData\Local\Programs\MiKTeX\tex/latex/amsmath\amstext.sty
Package: amstext 2000/06/29 v2.01 AMS text

(C:\Users\james\AppData\Local\Programs\MiKTeX\tex/latex/amsmath\amsgen.sty
File: amsgen.sty 1999/11/30 v2.0 generic functions
\@emptytoks=\toks19
\ex@=\dimen167
))
(C:\Users\james\AppData\Local\Programs\MiKTeX\tex/latex/amsmath\amsbsy.sty
Package: amsbsy 1999/11/29 v1.2d Bold Symbols
\pmbraise@=\dimen168
)
(C:\Users\james\AppData\Local\Programs\MiKTeX\tex/latex/amsmath\amsopn.sty
Package: amsopn 2016/03/08 v2.02 operator names
)
\inf@bad=\count192
LaTeX Info: Redefining \frac on input line 227.
\uproot@=\count193
\leftroot@=\count194
LaTeX Info: Redefining \overline on input line 389.
\classnum@=\count195
\DOTSCASE@=\count196
LaTeX Info: Redefining \ldots on input line 486.
LaTeX Info: Redefining \dots on input line 489.
LaTeX Info: Redefining \cdots on input line 610.
\Mathstrutbox@=\box51
\strutbox@=\box52
\big@size=\dimen169
LaTeX Font Info:    Redeclaring font encoding OML on input line 733.
LaTeX Font Info:    Redeclaring font encoding OMS on input line 734.
\macc@depth=\count197
\c@MaxMatrixCols=\count198
\dotsspace@=\muskip16
\c@parentequation=\count199
\dspbrk@lvl=\count266
\tag@help=\toks20
\row@=\count267
\column@=\count268
\maxfields@=\count269
\andhelp@=\toks21
\eqnshift@=\dimen170
\alignsep@=\dimen171
\tagshift@=\dimen172
\tagwidth@=\dimen173
\totwidth@=\dimen174
\lineht@=\dimen175
\@envbody=\toks22
\multlinegap=\skip55
\multlinetaggap=\skip56
\mathdisplay@stack=\toks23
LaTeX Info: Redefining \[ on input line 2859.
LaTeX Info: Redefining \] on input line 2860.
)
(C:\Users\james\AppData\Local\Programs\MiKTeX\tex/latex/was\gensymb.sty
Package: gensymb 2003/07/02 v1.0 (WaS)
)
(C:\Users\james\AppData\Local\Programs\MiKTeX\tex/latex/l3backend\l3backend-pdf
tex.def
File: l3backend-pdftex.def 2020-09-01 L3 backend support: PDF output (pdfTeX)
\l__kernel_color_stack_int=\count270
\l__pdf_internal_box=\box53
) (final-report.aux)
\openout1 = `final-report.aux'.

LaTeX Font Info:    Checking defaults for OML/cmm/m/it on input line 30.
LaTeX Font Info:    ... okay on input line 30.
LaTeX Font Info:    Checking defaults for OMS/cmsy/m/n on input line 30.
LaTeX Font Info:    ... okay on input line 30.
LaTeX Font Info:    Checking defaults for OT1/cmr/m/n on input line 30.
LaTeX Font Info:    ... okay on input line 30.
LaTeX Font Info:    Checking defaults for T1/cmr/m/n on input line 30.
LaTeX Font Info:    ... okay on input line 30.
LaTeX Font Info:    Checking defaults for TS1/cmr/m/n on input line 30.
LaTeX Font Info:    ... okay on input line 30.
LaTeX Font Info:    Checking defaults for OMX/cmex/m/n on input line 30.
LaTeX Font Info:    ... okay on input line 30.
LaTeX Font Info:    Checking defaults for U/cmr/m/n on input line 30.
LaTeX Font Info:    ... okay on input line 30.

-- Lines per column: 58 (exact).

(C:\Users\james\AppData\Local\Programs\MiKTeX\tex/context/base/mkii\supp-pdf.mk
ii
[Loading MPS to PDF converter (version 2006.09.02).]
\scratchcounter=\count271
\scratchdimen=\dimen176
\scratchbox=\box54
\nofMPsegments=\count272
\nofMParguments=\count273
\everyMPshowfont=\toks24
\MPscratchCnt=\count274
\MPscratchDim=\dimen177
\MPnumerator=\count275
\makeMPintoPDFobject=\count276
\everyMPtoPDFconversion=\toks25
)
(C:\Users\james\AppData\Local\Programs\MiKTeX\tex/latex/epstopdf-pkg\epstopdf-b
ase.sty
Package: epstopdf-base 2020-01-24 v2.11 Base part for package epstopdf
Package epstopdf-base Info: Redefining graphics rule for `.eps' on input line 4
85.
)
\c@lstlisting=\count277
LaTeX Info: Redefining \celsius on input line 30.
Package gensymb Info: Faking symbols for \degree and \celsius on input line 30.



Package gensymb Warning: Not defining \perthousand.

LaTeX Info: Redefining \ohm on input line 30.
Package gensymb Info: Using \Omega for \ohm on input line 30.

Package gensymb Warning: Not defining \micro.

LaTeX Font Info:    Trying to load font information for OT1+phv on input line 4
2.
(C:\Users\james\AppData\Local\Programs\MiKTeX\tex/latex/psnfss\ot1phv.fd
File: ot1phv.fd 2020/03/25 scalable font definitions for OT1/phv.
)
<../images/fig1a-stefanec2017.png, id=1, 237.88875pt x 165.61874pt>
File: ../images/fig1a-stefanec2017.png Graphic file (type png)
<use ../images/fig1a-stefanec2017.png>
Package pdftex.def Info: ../images/fig1a-stefanec2017.png  used on input line 6
3.
(pdftex.def)             Requested size: 202.20638pt x 140.77658pt.

[1{C:/Users/james/AppData/Local/MiKTeX/pdftex/config/pdftex.map}]
LaTeX Font Info:    Calculating math sizes for size <10.03749> on input line 71
.
 [2 <../images/fig1a-stefanec2017.png>]
<../images/moore-neighbourhood.png, id=19, 361.35pt x 334.24875pt>
File: ../images/moore-neighbourhood.png Graphic file (type png)
<use ../images/moore-neighbourhood.png>
Package pdftex.def Info: ../images/moore-neighbourhood.png  used on input line 
104.
(pdftex.def)             Requested size: 126.4744pt x 116.9888pt.

Underfull \hbox (badness 10000) in paragraph at lines 113--118

 []

[3 <../images/moore-neighbourhood.png>]
LaTeX Font Info:    Calculating math sizes for size <8.03> on input line 130.
 [4]
<../images/bee-flowchart.png, id=26, 379.4175pt x 239.39438pt>
File: ../images/bee-flowchart.png Graphic file (type png)
<use ../images/bee-flowchart.png>
Package pdftex.def Info: ../images/bee-flowchart.png  used on input line 199.
(pdftex.def)             Requested size: 322.5064pt x 203.48618pt.
LaTeX Font Info:    Trying to load font information for OML+ptm on input line 2
07.

(C:\Users\james\AppData\Local\Programs\MiKTeX\tex/latex/psnfss\omlptm.fd
File: omlptm.fd 
)
LaTeX Font Info:    Font shape `OML/ptm/m/n' in size <10.03749> not available
(Font)              Font shape `OML/cmm/m/it' tried instead on input line 207.
LaTeX Font Info:    Trying to load font information for OMS+ptm on input line 2
08.

(C:\Users\james\AppData\Local\Programs\MiKTeX\tex/latex/psnfss\omsptm.fd
File: omsptm.fd 
)
LaTeX Font Info:    Font shape `OMS/ptm/m/n' in size <10.03749> not available
(Font)              Font shape `OMS/cmsy/m/n' tried instead on input line 208.
LaTeX Font Info:    Trying to load font information for TS1+ptm on input line 2
15.

(C:\Users\james\AppData\Local\Programs\MiKTeX\tex/latex/psnfss\ts1ptm.fd
File: ts1ptm.fd 2001/06/04 font definitions for TS1/ptm.
)
[5 <../images/bee-flowchart.png>] [6] [7] [8]
<../images/hive-15per-00-00-00.PNG, id=43, 606.01407pt x 615.0478pt>
File: ../images/hive-15per-00-00-00.PNG Graphic file (type png)
<use ../images/hive-15per-00-00-00.PNG>
Package pdftex.def Info: ../images/hive-15per-00-00-00.PNG  used on input line 
370.
(pdftex.def)             Requested size: 515.1144pt x 522.7931pt.
 [9 <../images/hive-15per-00-00-00.PNG>] [10]
<../images/cluster-example.png, id=51, 361.35pt x 334.24875pt>
File: ../images/cluster-example.png Graphic file (type png)
<use ../images/cluster-example.png>
Package pdftex.def Info: ../images/cluster-example.png  used on input line 436.

(pdftex.def)             Requested size: 202.3529pt x 187.17801pt.
<../images/cluster-2.png, id=52, 283.81032pt x 273.27094pt>
File: ../images/cluster-2.png Graphic file (type png)
<use ../images/cluster-2.png>
Package pdftex.def Info: ../images/cluster-2.png  used on input line 440.
(pdftex.def)             Requested size: 202.3529pt x 194.84515pt.
<../images/hive-20per-00-00-00.PNG, id=53, 411.78844pt x 322.95656pt>
File: ../images/hive-20per-00-00-00.PNG Graphic file (type png)
<use ../images/hive-20per-00-00-00.PNG>
Package pdftex.def Info: ../images/hive-20per-00-00-00.PNG  used on input line 
453.
(pdftex.def)             Requested size: 202.3529pt x 158.69853pt.
<../images/hive-20per-00-30-00.PNG, id=54, 411.03563pt x 317.68687pt>
File: ../images/hive-20per-00-30-00.PNG Graphic file (type png)
<use ../images/hive-20per-00-30-00.PNG>
Package pdftex.def Info: ../images/hive-20per-00-30-00.PNG  used on input line 
457.
(pdftex.def)             Requested size: 202.3529pt x 156.39505pt.
 [11 <../images/cluster-example.png> <../images/cluster-2.png>]
<../images/hive-15per-05-00-00.PNG, id=59, 292.84406pt x 275.52937pt>
File: ../images/hive-15per-05-00-00.PNG Graphic file (type png)
<use ../images/hive-15per-05-00-00.PNG>
Package pdftex.def Info: ../images/hive-15per-05-00-00.PNG  used on input line 
475.
(pdftex.def)             Requested size: 202.3529pt x 190.39714pt.
<../images/hive-15per-10-00-00.PNG, id=60, 286.06876pt x 279.29344pt>
File: ../images/hive-15per-10-00-00.PNG Graphic file (type png)
<use ../images/hive-15per-10-00-00.PNG>
Package pdftex.def Info: ../images/hive-15per-10-00-00.PNG  used on input line 
479.
(pdftex.def)             Requested size: 202.3529pt x 197.56245pt.
<../images/hive-30per-02-00-00.PNG, id=61, 281.55188pt x 280.04625pt>
File: ../images/hive-30per-02-00-00.PNG Graphic file (type png)
<use ../images/hive-30per-02-00-00.PNG>
Package pdftex.def Info: ../images/hive-30per-02-00-00.PNG  used on input line 
488.
(pdftex.def)             Requested size: 202.3529pt x 201.26991pt.
<../images/hive-50per-02-00-00.PNG, id=62, 289.83281pt x 274.77657pt>
File: ../images/hive-50per-02-00-00.PNG Graphic file (type png)
<use ../images/hive-50per-02-00-00.PNG>
Package pdftex.def Info: ../images/hive-50per-02-00-00.PNG  used on input line 
492.
(pdftex.def)             Requested size: 202.3529pt x 191.84334pt.

[12 <../images/hive-20per-00-00-00.PNG> <../images/hive-20per-00-30-00.PNG> <..
/images/hive-15per-05-00-00.PNG> <../images/hive-15per-10-00-00.PNG>]
<../images/bees-5491347_1920.jpg, id=70, 1445.4pt x 1123.94907pt>
File: ../images/bees-5491347_1920.jpg Graphic file (type jpg)
<use ../images/bees-5491347_1920.jpg>
Package pdftex.def Info: ../images/bees-5491347_1920.jpg  used on input line 50
7.
(pdftex.def)             Requested size: 202.3529pt x 157.33464pt.
<../images/freelance-sweet-on-bees-new-parasite-causing-threat-for-essential-po
ll_L3LYZBw.jpg, id=71, 799.3062pt x 532.8708pt>
File: ../images/freelance-sweet-on-bees-new-parasite-causing-threat-for-essenti
al-poll_L3LYZBw.jpg Graphic file (type jpg)
<use ../images/freelance-sweet-on-bees-new-parasite-causing-threat-for-essentia
l-poll_L3LYZBw.jpg>
Package pdftex.def Info: ../images/freelance-sweet-on-bees-new-parasite-causing
-threat-for-essential-poll_L3LYZBw.jpg  used on input line 511.
(pdftex.def)             Requested size: 202.3529pt x 134.90047pt.

(final-report.bbl
Underfull \hbox (badness 10000) in paragraph at lines 25--29
[]\OT1/ptm/m/n/8.03 D. Anstey, ``free-lance sweet on bees new par-a-site caus-i
ng threat for es-sen-tial poll l3lyzbw,'' \OT1/ptm/m/it/8.03 The Chron-i-cle He
r-ald\OT1/ptm/m/n/8.03 , 2020.
 []


Underfull \hbox (badness 10000) in paragraph at lines 25--29
\OT1/ptm/m/n/8.03 https://www.thechronicleherald.ca/lifestyles/regional-lifesty
les/video-sweet-on-bees-in-pei-new-parasite-causing-threat-for-essential-pollin
ators-
 []

) [13 <../images/hive-30per-02-00-00.PNG> <../images/hive-50per-02-00-00.PNG> <
../images/bees-5491347_1920.jpg> <../images/freelance-sweet-on-bees-new-parasit
e-causing-threat-for-essential-poll_L3LYZBw.jpg>] [14] [15] [16]

** Conference Paper **
Before submitting the final camera ready copy, remember to:

 1. Manually equalize the lengths of two columns on the last page
 of your paper;

 2. Ensure that any PostScript and/or PDF output post-processing
 uses only Type 1 fonts and that every step in the generation
 process uses the appropriate paper size.

[17] (final-report.aux) ) 
Here is how much of TeX's memory you used:
 5097 strings out of 481199
 76752 string characters out of 2905595
 644418 words of memory out of 3000000
 20646 multiletter control sequences out of 15000+200000
 572716 words of font info for 95 fonts, out of 3000000 for 9000
 1141 hyphenation exceptions out of 8191
 36i,10n,37p,1574b,1570s stack positions out of 5000i,500n,10000p,200000b,50000s
{C:/Users/james/AppData/Local/Programs/MiKTeX/fonts/en
c/dvips/base/8r.enc}<C:/Users/james/AppData/Local/Programs/MiKTeX/fonts/type1/p
ublic/amsfonts/cm/cmmi10.pfb><C:/Users/james/AppData/Local/Programs/MiKTeX/font
s/type1/public/amsfonts/cm/cmmi7.pfb><C:/Users/james/AppData/Local/Programs/MiK
TeX/fonts/type1/public/amsfonts/cm/cmmi8.pfb><C:/Users/james/AppData/Local/Prog
rams/MiKTeX/fonts/type1/public/amsfonts/cm/cmr10.pfb><C:/Users/james/AppData/Lo
cal/Programs/MiKTeX/fonts/type1/public/amsfonts/cm/cmr7.pfb><C:/Users/james/App
Data/Local/Programs/MiKTeX/fonts/type1/public/amsfonts/cm/cmr8.pfb><C:/Users/ja
mes/AppData/Local/Programs/MiKTeX/fonts/type1/public/amsfonts/cm/cmsy10.pfb><C:
/Users/james/AppData/Local/Programs/MiKTeX/fonts/type1/public/amsfonts/cm/cmsy7
.pfb><C:/Users/james/AppData/Local/Programs/MiKTeX/fonts/type1/urw/times/utmb8a
.pfb><C:/Users/james/AppData/Local/Programs/MiKTeX/fonts/type1/urw/times/utmr8a
.pfb><C:/Users/james/AppData/Local/Programs/MiKTeX/fonts/type1/urw/times/utmri8
a.pfb>
Output written on final-report.pdf (17 pages, 4574359 bytes).
PDF statistics:
 126 PDF objects out of 1000 (max. 8388607)
 0 named destinations out of 1000 (max. 500000)
 71 words of extra memory for PDF output out of 10000 (max. 10000000)

